════════════════════════════════════════════════════════════════════════
  Standard Debit Note (383) — typeCode=383 note="إشعار إضافة - اختبار توافق ZATCA Phase 2"
════════════════════════════════════════════════════════════════════════
  ✓ <cbc:Note> at invoice level (KSA-10)
  ✓ <cbc:InstructionNote> inside <cac:PaymentMeans>
  ✓ <cac:BillingReference> present (BR-KSA for credit/debit)

  XML preview (first 1200 chars):
  <?xml version="1.0" encoding="UTF-8"?><Invoice xmlns="urn:oasis:names:specification:ubl:schema:xsd:Invoice-2" xmlns:cac="urn:oasis:names:specification:ubl:schema:xsd:CommonAggregateComponents-2" xmlns:cbc="urn:oasis:names:specification:ubl:schema:xsd:CommonBasicComponents-2" xmlns:ext="urn:oasis:names:specification:ubl:schema:xsd:CommonExtensionComponents-2"><cbc:ProfileID>reporting:1.0</cbc:ProfileID><cbc:ID>TEST-0002</cbc:ID><cbc:UUID>00000000-0000-0000-0000-000000000001</cbc:UUID><cbc:IssueDate>2026-05-04</cbc:IssueDate><cbc:IssueTime>12:00:00</cbc:IssueTime><cbc:InvoiceTypeCode name="0100000">383</cbc:InvoiceTypeCode><cbc:Note>إشعار إضافة - اختبار توافق ZATCA Phase 2</cbc:Note><cbc:DocumentCurrencyCode>SAR</cbc:DocumentCurrencyCode><cbc:TaxCurrencyCode>SAR</cbc:TaxCurrencyCode><cac:BillingReference><cac:InvoiceDocumentReference><cbc:ID>TEST-0001</cbc:ID></cac:InvoiceDocumentReference></cac:BillingReference><cac:AdditionalDocumentReference><cbc:ID>ICV</cbc:ID><cbc:UUID>2</cbc:UUID></cac:AdditionalDocumentReference><cac:AdditionalDocumentReference><cbc:ID>PIH</cbc:ID><cac:Attachment><cbc:EmbeddedDocumentBinaryObject mimeCode="text/plain">NWZlY2ViNjZmZmM4NmYzOGQ5NTI3ODZjNmQ2OTZjNz

════════════════════════════════════════════════════════════════════════
  Standard Credit Note (381) — typeCode=381 note="إشعار خصم - اختبار توافق ZATCA Phase 2"
════════════════════════════════════════════════════════════════════════
  ✓ <cbc:Note> at invoice level (KSA-10)
  ✓ <cbc:InstructionNote> inside <cac:PaymentMeans>
  ✓ <cac:BillingReference> present (BR-KSA for credit/debit)

  XML preview (first 1200 chars):
  <?xml version="1.0" encoding="UTF-8"?><Invoice xmlns="urn:oasis:names:specification:ubl:schema:xsd:Invoice-2" xmlns:cac="urn:oasis:names:specification:ubl:schema:xsd:CommonAggregateComponents-2" xmlns:cbc="urn:oasis:names:specification:ubl:schema:xsd:CommonBasicComponents-2" xmlns:ext="urn:oasis:names:specification:ubl:schema:xsd:CommonExtensionComponents-2"><cbc:ProfileID>reporting:1.0</cbc:ProfileID><cbc:ID>TEST-0003</cbc:ID><cbc:UUID>00000000-0000-0000-0000-000000000001</cbc:UUID><cbc:IssueDate>2026-05-04</cbc:IssueDate><cbc:IssueTime>12:00:00</cbc:IssueTime><cbc:InvoiceTypeCode name="0100000">381</cbc:InvoiceTypeCode><cbc:Note>إشعار خصم - اختبار توافق ZATCA Phase 2</cbc:Note><cbc:DocumentCurrencyCode>SAR</cbc:DocumentCurrencyCode><cbc:TaxCurrencyCode>SAR</cbc:TaxCurrencyCode><cac:BillingReference><cac:InvoiceDocumentReference><cbc:ID>TEST-0001</cbc:ID></cac:InvoiceDocumentReference></cac:BillingReference><cac:AdditionalDocumentReference><cbc:ID>ICV</cbc:ID><cbc:UUID>2</cbc:UUID></cac:AdditionalDocumentReference><cac:AdditionalDocumentReference><cbc:ID>PIH</cbc:ID><cac:Attachment><cbc:EmbeddedDocumentBinaryObject mimeCode="text/plain">NWZlY2ViNjZmZmM4NmYzOGQ5NTI3ODZjNmQ2OTZjNzlj

════════════════════════════════════════════════════════════════════════
  Standard Tax Invoice (388) — no noteReason — typeCode=388 note="(none)"
════════════════════════════════════════════════════════════════════════
  ✓ no <cbc:InstructionNote> for 388

  XML preview (first 1200 chars):
  <?xml version="1.0" encoding="UTF-8"?><Invoice xmlns="urn:oasis:names:specification:ubl:schema:xsd:Invoice-2" xmlns:cac="urn:oasis:names:specification:ubl:schema:xsd:CommonAggregateComponents-2" xmlns:cbc="urn:oasis:names:specification:ubl:schema:xsd:CommonBasicComponents-2" xmlns:ext="urn:oasis:names:specification:ubl:schema:xsd:CommonExtensionComponents-2"><cbc:ProfileID>reporting:1.0</cbc:ProfileID><cbc:ID>TEST-0001</cbc:ID><cbc:UUID>00000000-0000-0000-0000-000000000001</cbc:UUID><cbc:IssueDate>2026-05-04</cbc:IssueDate><cbc:IssueTime>12:00:00</cbc:IssueTime><cbc:InvoiceTypeCode name="0100000">388</cbc:InvoiceTypeCode><cbc:DocumentCurrencyCode>SAR</cbc:DocumentCurrencyCode><cbc:TaxCurrencyCode>SAR</cbc:TaxCurrencyCode><cac:AdditionalDocumentReference><cbc:ID>ICV</cbc:ID><cbc:UUID>2</cbc:UUID></cac:AdditionalDocumentReference><cac:AdditionalDocumentReference><cbc:ID>PIH</cbc:ID><cac:Attachment><cbc:EmbeddedDocumentBinaryObject mimeCode="text/plain">NWZlY2ViNjZmZmM4NmYzOGQ5NTI3ODZjNmQ2OTZjNzljMmRiYmUxYjE3ZTExNzA5</cbc:EmbeddedDocumentBinaryObject></cac:Attachment></cac:AdditionalDocumentReference><cac:Signature><cbc:ID>urn:oasis:names:specification:ubl:signature:Invoice</cbc:ID><c

════════════════════════════════════════════════════════════════════════
  ✅ ALL CHECKS PASS
════════════════════════════════════════════════════════════════════════
